
> @queryon/config@0.1.0 build D:\portfolio_projects\queryon-chat-widget\packages\shared\config
> tsup

▲ [WARNING] The condition "types" here will never be used as it comes after both "import" and "require" [package.json]

    package.json:11:6:
      11 │       "types": "./dist/index.d.ts"
         ╵       ~~~~~~~

  The "import" condition comes earlier and will be used for all "import" statements:

    package.json:9:6:
      9 │       "import": "./dist/index.mjs",
        ╵       ~~~~~~~~

  The "require" condition comes earlier and will be used for all "require" calls:

    package.json:10:6:
      10 │       "require": "./dist/index.js",
         ╵       ~~~~~~~~~

▲ [WARNING] The condition "types" here will never be used as it comes after both "import" and "require" [package.json]

    package.json:16:6:
      16 │       "types": "./dist/eslint.d.ts"
         ╵       ~~~~~~~

  The "import" condition comes earlier and will be used for all "import" statements:

    package.json:14:6:
      14 │       "import": "./dist/eslint.mjs",
         ╵       ~~~~~~~~

  The "require" condition comes earlier and will be used for all "require" calls:

    package.json:15:6:
      15 │       "require": "./dist/eslint.js",
         ╵       ~~~~~~~~~

▲ [WARNING] The condition "types" here will never be used as it comes after both "import" and "require" [package.json]

    package.json:21:6:
      21 │       "types": "./dist/prettier.d.ts"
         ╵       ~~~~~~~

  The "import" condition comes earlier and will be used for all "import" statements:

    package.json:19:6:
      19 │       "import": "./dist/prettier.mjs",
         ╵       ~~~~~~~~

  The "require" condition comes earlier and will be used for all "require" calls:

    package.json:20:6:
      20 │       "require": "./dist/prettier.js",
         ╵       ~~~~~~~~~

[31mCannot find index: src/index.ts[39m
 ELIFECYCLE  Command failed with exit code 1.
