
> @queryon/theme@0.1.0 build D:\portfolio_projects\queryon-chat-widget\packages\theme
> tsup

▲ [WARNING] The condition "types" here will never be used as it comes after both "import" and "require" [package.json]

    package.json:11:6:
      11 │       "types": "./dist/index.d.ts"
         ╵       ~~~~~~~

  The "import" condition comes earlier and will be used for all "import" statements:

    package.json:9:6:
      9 │       "import": "./dist/index.mjs",
        ╵       ~~~~~~~~

  The "require" condition comes earlier and will be used for all "require" calls:

    package.json:10:6:
      10 │       "require": "./dist/index.js",
         ╵       ~~~~~~~~~

▲ [WARNING] The condition "types" here will never be used as it comes after both "import" and "require" [package.json]

    package.json:16:6:
      16 │       "types": "./dist/colors.d.ts"
         ╵       ~~~~~~~

  The "import" condition comes earlier and will be used for all "import" statements:

    package.json:14:6:
      14 │       "import": "./dist/colors.mjs",
         ╵       ~~~~~~~~

  The "require" condition comes earlier and will be used for all "require" calls:

    package.json:15:6:
      15 │       "require": "./dist/colors.js",
         ╵       ~~~~~~~~~

▲ [WARNING] The condition "types" here will never be used as it comes after both "import" and "require" [package.json]

    package.json:21:6:
      21 │       "types": "./dist/typography.d.ts"
         ╵       ~~~~~~~

  The "import" condition comes earlier and will be used for all "import" statements:

    package.json:19:6:
      19 │       "import": "./dist/typography.mjs",
         ╵       ~~~~~~~~

  The "require" condition comes earlier and will be used for all "require" calls:

    package.json:20:6:
      20 │       "require": "./dist/typography.js",
         ╵       ~~~~~~~~~

▲ [WARNING] The condition "types" here will never be used as it comes after both "import" and "require" [package.json]

    package.json:26:6:
      26 │       "types": "./dist/themes.d.ts"
         ╵       ~~~~~~~

  The "import" condition comes earlier and will be used for all "import" statements:

    package.json:24:6:
      24 │       "import": "./dist/themes.mjs",
         ╵       ~~~~~~~~

  The "require" condition comes earlier and will be used for all "require" calls:

    package.json:25:6:
      25 │       "require": "./dist/themes.js",
         ╵       ~~~~~~~~~

▲ [WARNING] The condition "types" here will never be used as it comes after both "import" and "require" [package.json]

    package.json:31:6:
      31 │       "types": "./dist/tailwind.config.d.ts"
         ╵       ~~~~~~~

  The "import" condition comes earlier and will be used for all "import" statements:

    package.json:29:6:
      29 │       "import": "./dist/tailwind.config.mjs",
 ELIFECYCLE  Command failed with exit code 1.
         ╵       ~~~~~~~~

  The "require" condition comes earlier and will be used for all "require" calls:

    package.json:30:6:
      30 │       "require": "./dist/tailwind.config.js",
         ╵       ~~~~~~~~~

[31mCannot find index: src/index.ts[39m
